PHPUnit 4.8.36 by Sebastian Bergmann and contributors.

.E......

Time: 759 ms, Memory: 26.25MB

There was 1 error:

1) TopupApiTest::testReadAllTopupCustomer
ErrorException: Undefined property: Illuminate\Http\JsonResponse::$original

/web/tests/TopupApiTest.php:60

FAILURES!
Tests: 8, Assertions: 11, Errors: 1.
